Using pre-set license
Built from '2021.3/staging' branch; Version is '2021.3.2f1 (d6360bedb9a0) revision 14038539'; Using compiler version '192829333'; Build Type 'Release'
OS: 'Windows 10  (10.0.19042) 64bit Professional' Language: 'ru' Physical Memory: 16309 MB
BatchMode: 1, IsHumanControllingUs: 0, StartBugReporterOnCrash: 0, Is64bit: 1, IsPro: 1

COMMAND LINE ARGUMENTS:
C:\Program Files\Unity\Hub\Editor\2021.3.2f1\Editor\Unity.exe
-adb2
-batchMode
-noUpm
-name
AssetImportWorker0
-projectPath
M:/unity/My project2
-logFile
Logs/AssetImportWorker0.log
-srvPort
1033
Successfully changed project path to: M:/unity/My project2
M:/unity/My project2
[UnityMemory] Configuration Parameters - Can be set up in boot.config
    "memorysetup-bucket-allocator-granularity=16"
    "memorysetup-bucket-allocator-bucket-count=8"
    "memorysetup-bucket-allocator-block-size=33554432"
    "memorysetup-bucket-allocator-block-count=8"
    "memorysetup-main-allocator-block-size=16777216"
    "memorysetup-thread-allocator-block-size=16777216"
    "memorysetup-gfx-main-allocator-block-size=16777216"
    "memorysetup-gfx-thread-allocator-block-size=16777216"
    "memorysetup-cache-allocator-block-size=4194304"
    "memorysetup-typetree-allocator-block-size=2097152"
    "memorysetup-profiler-bucket-allocator-granularity=16"
    "memorysetup-profiler-bucket-allocator-bucket-count=8"
    "memorysetup-profiler-bucket-allocator-block-size=33554432"
    "memorysetup-profiler-bucket-allocator-block-count=8"
    "memorysetup-profiler-allocator-block-size=16777216"
    "memorysetup-profiler-editor-allocator-block-size=1048576"
    "memorysetup-temp-allocator-size-main=16777216"
    "memorysetup-job-temp-allocator-block-size=2097152"
    "memorysetup-job-temp-allocator-block-size-background=1048576"
    "memorysetup-job-temp-allocator-reduction-small-platforms=262144"
    "memorysetup-temp-allocator-size-background-worker=32768"
    "memorysetup-temp-allocator-size-job-worker=262144"
    "memorysetup-temp-allocator-size-preload-manager=33554432"
    "memorysetup-temp-allocator-size-nav-mesh-worker=65536"
    "memorysetup-temp-allocator-size-audio-worker=65536"
    "memorysetup-temp-allocator-size-cloud-worker=32768"
    "memorysetup-temp-allocator-size-gi-baking-worker=262144"
    "memorysetup-temp-allocator-size-gfx=262144"
Refreshing native plugins compatible for Editor in 86.15 ms, found 3 plugins.
Preloading 0 native plugins for Editor in 0.00 ms.
Initialize engine version: 2021.3.2f1 (d6360bedb9a0)
[Subsystems] Discovering subsystems at path C:/Program Files/Unity/Hub/Editor/2021.3.2f1/Editor/Data/Resources/UnitySubsystems
[Subsystems] Discovering subsystems at path M:/unity/My project2/Assets
GfxDevice: creating device client; threaded=0; jobified=0
Direct3D:
    Version:  Direct3D 11.0 [level 11.1]
    Renderer: NVIDIA GeForce RTX 3060 Ti (ID=0x2486)
    Vendor:   NVIDIA
    VRAM:     8050 MB
    Driver:   27.21.14.5751
Initialize mono
Mono path[0] = 'C:/Program Files/Unity/Hub/Editor/2021.3.2f1/Editor/Data/Managed'
Mono path[1] = 'C:/Program Files/Unity/Hub/Editor/2021.3.2f1/Editor/Data/MonoBleedingEdge/lib/mono/unityjit-win32'
Mono config path = 'C:/Program Files/Unity/Hub/Editor/2021.3.2f1/Editor/Data/MonoBleedingEdge/etc'
Using monoOptions --debugger-agent=transport=dt_socket,embedding=1,server=y,suspend=n,address=127.0.0.1:56772
Begin MonoManager ReloadAssembly
Registering precompiled unity dll's ...
Register platform support module: C:/Program Files/Unity/Hub/Editor/2021.3.2f1/Editor/Data/PlaybackEngines/WebGLSupport/UnityEditor.WebGL.Extensions.dll
Register platform support module: C:/Program Files/Unity/Hub/Editor/2021.3.2f1/Editor/Data/PlaybackEngines/WindowsStandaloneSupport/UnityEditor.WindowsStandalone.Extensions.dll
Registered in 0.005149 seconds.
Native extension for WindowsStandalone target not found
Native extension for WebGL target not found
Refreshing native plugins compatible for Editor in 82.85 ms, found 3 plugins.
Preloading 0 native plugins for Editor in 0.00 ms.
Mono: successfully reloaded assembly
- Completed reload, in  0.630 seconds
Domain Reload Profiling:
	ReloadAssembly (630ms)
		BeginReloadAssembly (67ms)
			ExecutionOrderSort (0ms)
			DisableScriptedObjects (0ms)
			BackupInstance (0ms)
			ReleaseScriptingObjects (0ms)
			CreateAndSetChildDomain (1ms)
		EndReloadAssembly (460ms)
			LoadAssemblies (65ms)
			RebuildTransferFunctionScriptingTraits (0ms)
			SetupTypeCache (105ms)
			ReleaseScriptCaches (0ms)
			RebuildScriptCaches (27ms)
			SetupLoadedEditorAssemblies (281ms)
				LogAssemblyErrors (0ms)
				InitializePlatformSupportModulesInManaged (8ms)
				SetLoadedEditorAssemblies (0ms)
				RefreshPlugins (83ms)
				BeforeProcessingInitializeOnLoad (1ms)
				ProcessInitializeOnLoadAttributes (140ms)
				ProcessInitializeOnLoadMethodAttributes (49ms)
				AfterProcessingInitializeOnLoad (0ms)
				EditorAssembliesLoaded (0ms)
			ExecutionOrderSort2 (0ms)
			AwakeInstancesAfterBackupRestoration (0ms)
Platform modules already initialized, skipping
Registering precompiled user dll's ...
Registered in 0.003476 seconds.
Begin MonoManager ReloadAssembly
Symbol file LoadedFromMemory doesn't match image M:\unity\My project2\Library\PackageCache\com.unity.visualscripting@1.7.6\Editor\VisualScripting.Core\Dependencies\YamlDotNet\Unity.VisualScripting.YamlDotNet.dll
Symbol file LoadedFromMemory doesn't match image M:\unity\My project2\Library\PackageCache\com.unity.visualscripting@1.7.6\Editor\VisualScripting.Core\Dependencies\DotNetZip\Unity.VisualScripting.IonicZip.dll
Native extension for WindowsStandalone target not found
Native extension for WebGL target not found
Refreshing native plugins compatible for Editor in 0.49 ms, found 3 plugins.
Preloading 0 native plugins for Editor in 0.00 ms.
Mono: successfully reloaded assembly
- Completed reload, in  0.979 seconds
Domain Reload Profiling:
	ReloadAssembly (979ms)
		BeginReloadAssembly (100ms)
			ExecutionOrderSort (0ms)
			DisableScriptedObjects (6ms)
			BackupInstance (0ms)
			ReleaseScriptingObjects (0ms)
			CreateAndSetChildDomain (17ms)
		EndReloadAssembly (772ms)
			LoadAssemblies (74ms)
			RebuildTransferFunctionScriptingTraits (0ms)
			SetupTypeCache (260ms)
			ReleaseScriptCaches (1ms)
			RebuildScriptCaches (48ms)
			SetupLoadedEditorAssemblies (353ms)
				LogAssemblyErrors (0ms)
				InitializePlatformSupportModulesInManaged (6ms)
				SetLoadedEditorAssemblies (0ms)
				RefreshPlugins (1ms)
				BeforeProcessingInitializeOnLoad (86ms)
				ProcessInitializeOnLoadAttributes (228ms)
				ProcessInitializeOnLoadMethodAttributes (26ms)
				AfterProcessingInitializeOnLoad (6ms)
				EditorAssembliesLoaded (0ms)
			ExecutionOrderSort2 (0ms)
			AwakeInstancesAfterBackupRestoration (6ms)
Platform modules already initialized, skipping
========================================================================
Worker process is ready to serve import requests
Launched and connected shader compiler UnityShaderCompiler.exe after 0.06 seconds
Refreshing native plugins compatible for Editor in 0.52 ms, found 3 plugins.
Preloading 0 native plugins for Editor in 0.00 ms.
Unloading 3409 Unused Serialized files (Serialized files now loaded: 0)
Unloading 26 unused Assets / (112.1 KB). Loaded Objects now: 3872.
Memory consumption went from 120.4 MB to 120.3 MB.
Total: 2.760300 ms (FindLiveObjects: 0.287800 ms CreateObjectMapping: 0.227500 ms MarkObjects: 2.160200 ms  DeleteObjects: 0.083800 ms)

AssetImportParameters requested are different than current active one (requested -> active):
  custom:video-decoder-ogg-theora: a1e56fd34408186e4bbccfd4996cb3dc -> 
  custom:container-muxer-webm: aa71ff27fc2769a1b78a27578f13a17b -> 
  custom:container-demuxer-webm: 4f35f7cbe854078d1ac9338744f61a02 -> 
  custom:video-encoder-webm-vp8: eb34c28f22e8b96e1ab97ce403110664 -> 
  custom:audio-encoder-webm-vorbis: bf7c407c2cedff20999df2af8eb42d56 -> 
  custom:framework-win-MediaFoundation: 216162199b28c13a410421893ffa2e32 -> 
  custom:container-demuxer-ogg: 62fdf1f143b41e24485cea50d1cbac27 -> 
  custom:video-decoder-webm-vp8: 9c59270c3fd7afecdb556c50c9e8de78 -> 
  custom:audio-decoder-ogg-vorbis: bf7c407c2cedff20999df2af8eb42d56 -> 
========================================================================
Received Import Request.
  Time since last request: 256069.170125 seconds.
  path: Assets/Materials/PlaneMaterial/PlaneGrass.mat
  artifactKey: Guid(fa2e60927f421b541a0c79667c3adfc4) Importer(815301076,1909f56bfc062723c751e8b465ee728b)
Start importing Assets/Materials/PlaneMaterial/PlaneGrass.mat using Guid(fa2e60927f421b541a0c79667c3adfc4) Importer(815301076,1909f56bfc062723c751e8b465ee728b)  -> (artifact id: '7a138f3538e10933649b45a6188c3303') in 0.148758 seconds 
========================================================================
Received Import Request.
  Time since last request: 16.569683 seconds.
  path: Assets/Snowed Fence/Materials/fence.mat
  artifactKey: Guid(d5b0020869170d14c9b2ca0c7248f0ef) Importer(815301076,1909f56bfc062723c751e8b465ee728b)
Start importing Assets/Snowed Fence/Materials/fence.mat using Guid(d5b0020869170d14c9b2ca0c7248f0ef) Importer(815301076,1909f56bfc062723c751e8b465ee728b)  -> (artifact id: '17bc83a56bd3e5280e8aa6b1bb1c10bf') in 0.125101 seconds 
========================================================================
Received Import Request.
  Time since last request: 3.606859 seconds.
  path: Assets/Snowed Fence/FBX/fence_double.FBX
  artifactKey: Guid(62fa28cbb204e4546a2ad5c1580ee188) Importer(815301076,1909f56bfc062723c751e8b465ee728b)
Start importing Assets/Snowed Fence/FBX/fence_double.FBX using Guid(62fa28cbb204e4546a2ad5c1580ee188) Importer(815301076,1909f56bfc062723c751e8b465ee728b)  -> (artifact id: 'b86cf41ed3a4279d718bfed3c2d3438d') in 0.053625 seconds 
========================================================================
Received Import Request.
  Time since last request: 0.000022 seconds.
  path: Assets/Snowed Fence/FBX/fence_single.FBX
  artifactKey: Guid(86f105d9ae9ae1f4e9e6e171226cac7c) Importer(815301076,1909f56bfc062723c751e8b465ee728b)
Start importing Assets/Snowed Fence/FBX/fence_single.FBX using Guid(86f105d9ae9ae1f4e9e6e171226cac7c) Importer(815301076,1909f56bfc062723c751e8b465ee728b)  -> (artifact id: 'a1db4ea9d9f9e82de13326770c135281') in 0.025723 seconds 
========================================================================
Received Import Request.
  Time since last request: 12.813323 seconds.
  path: Assets/Snowed Fence/Textures/fence.jpg
  artifactKey: Guid(4ff06bf91a9349745a6da55061e30a7a) Importer(815301076,1909f56bfc062723c751e8b465ee728b)
Start importing Assets/Snowed Fence/Textures/fence.jpg using Guid(4ff06bf91a9349745a6da55061e30a7a) Importer(815301076,1909f56bfc062723c751e8b465ee728b)  -> (artifact id: 'bdc6a76e76c1ea0a4547ab5ee757d4c8') in 0.026114 seconds 
========================================================================
Received Import Request.
  Time since last request: 246.312789 seconds.
  path: Assets/AnimeGirls/Casual1/SourceFiles/Mesh/AnimeGirl.fbx
  artifactKey: Guid(7e0043553097dc34e867f52b292bb164) Importer(815301076,1909f56bfc062723c751e8b465ee728b)
Start importing Assets/AnimeGirls/Casual1/SourceFiles/Mesh/AnimeGirl.fbx using Guid(7e0043553097dc34e867f52b292bb164) Importer(815301076,1909f56bfc062723c751e8b465ee728b)  -> (artifact id: 'd3a3788b337d83bc6eff51827bcb87f8') in 0.099346 seconds 
========================================================================
Received Import Request.
  Time since last request: 47.863814 seconds.
  path: Assets/AnimeGirls/BaseCharacter/Underwear1.prefab
  artifactKey: Guid(1733e098fdf8a9447bda920a3e41b14e) Importer(815301076,1909f56bfc062723c751e8b465ee728b)
Start importing Assets/AnimeGirls/BaseCharacter/Underwear1.prefab using Guid(1733e098fdf8a9447bda920a3e41b14e) Importer(815301076,1909f56bfc062723c751e8b465ee728b)  -> (artifact id: '4e95556bf6ab824246514e0a114fe4d9') in 0.067139 seconds 
========================================================================
Received Import Request.
  Time since last request: 6.683761 seconds.
  path: Assets/AnimeGirls/Casual1/Casual1.prefab
  artifactKey: Guid(678bf8bc91771fa498236de892b83d1d) Importer(815301076,1909f56bfc062723c751e8b465ee728b)
Start importing Assets/AnimeGirls/Casual1/Casual1.prefab using Guid(678bf8bc91771fa498236de892b83d1d) Importer(815301076,1909f56bfc062723c751e8b465ee728b)  -> (artifact id: 'e7100123ce825355355df9d53a5c5a64') in 0.046562 seconds 
